<?xml version="1.0" encoding="UTF-8"?>
<robot generator="Robot 7.1 (Python 3.12.6 on win32)" generated="2024-10-06T12:00:08.868667" rpa="false" schemaversion="5">
<suite id="s1" name="Login Tests &amp; Add Title tests">
<suite id="s1-s1" name="Login Tests" source="C:\Users\lllllll\Downloads\PractiseRobotFramework\tests\login_tests.robot">
<kw name="Open Login Page" owner="user_keywords" type="SETUP">
<kw name="Open Browser" owner="SeleniumLibrary">
<msg time="2024-10-06T12:00:09.294695" level="INFO">Opening browser 'chrome' to base url 'https://opensource-demo.orangehrmlive.com/auth/login'.</msg>
<arg>${LOGIN_URL}</arg>
<arg>chrome</arg>
<doc>Opens a new browser instance to the optional ``url``.</doc>
<status status="PASS" start="2024-10-06T12:00:09.293710" elapsed="5.382412"/>
</kw>
<kw name="Maximize Browser Window" owner="SeleniumLibrary">
<doc>Maximizes current browser window.</doc>
<status status="PASS" start="2024-10-06T12:00:14.676122" elapsed="0.100002"/>
</kw>
<status status="PASS" start="2024-10-06T12:00:09.293710" elapsed="5.482414"/>
</kw>
<test id="s1-s1-t1" name="Invalid Login" line="13">
<kw name="Login Template">
<kw name="Load Json From File" owner="JSONLibrary">
<msg time="2024-10-06T12:00:14.781128" level="INFO">${json_data} = {'credentials': {'valid': {'username': 'Admin', 'password': 'admin123'}, 'invalid': {'username': 'InvalidUser', 'password': 'wrongPassword'}}}</msg>
<var>${json_data}</var>
<arg>${JSON_FILE_PATH}</arg>
<doc>Load JSON from file.</doc>
<status status="PASS" start="2024-10-06T12:00:14.779162" elapsed="0.001966"/>
</kw>
<kw name="Get Value From Json" owner="JSONLibrary">
<msg time="2024-10-06T12:00:14.948126" level="INFO">${username_list} = ['InvalidUser']</msg>
<var>${username_list}</var>
<arg>${json_data}</arg>
<arg>${username_path}</arg>
<doc>Get Value From JSON using JSONPath</doc>
<status status="PASS" start="2024-10-06T12:00:14.781128" elapsed="0.166998"/>
</kw>
<kw name="Get Value From Json" owner="JSONLibrary">
<msg time="2024-10-06T12:00:15.013122" level="INFO">${password_list} = ['wrongPassword']</msg>
<var>${password_list}</var>
<arg>${json_data}</arg>
<arg>${password_path}</arg>
<doc>Get Value From JSON using JSONPath</doc>
<status status="PASS" start="2024-10-06T12:00:14.949123" elapsed="0.063999"/>
</kw>
<kw name="Get From List" owner="Collections">
<msg time="2024-10-06T12:00:15.022122" level="INFO">${username} = InvalidUser</msg>
<var>${username}</var>
<arg>${username_list}</arg>
<arg>0</arg>
<doc>Returns the value specified with an ``index`` from ``list``.</doc>
<status status="PASS" start="2024-10-06T12:00:15.022122" elapsed="0.000000"/>
</kw>
<kw name="Get From List" owner="Collections">
<msg time="2024-10-06T12:00:15.039121" level="INFO">${password} = wrongPassword</msg>
<var>${password}</var>
<arg>${password_list}</arg>
<arg>0</arg>
<doc>Returns the value specified with an ``index`` from ``list``.</doc>
<status status="PASS" start="2024-10-06T12:00:15.038120" elapsed="0.001001"/>
</kw>
<kw name="Log To Console" owner="BuiltIn">
<arg>Username: ${username}</arg>
<doc>Logs the given message to the console.</doc>
<status status="PASS" start="2024-10-06T12:00:15.039121" elapsed="0.016000"/>
</kw>
<kw name="Log To Console" owner="BuiltIn">
<arg>Password: ${password}</arg>
<doc>Logs the given message to the console.</doc>
<status status="PASS" start="2024-10-06T12:00:15.056123" elapsed="0.030998"/>
</kw>
<kw name="Login To Application" owner="user_keywords">
<kw name="Wait Until Element Is Visible" owner="SeleniumLibrary">
<arg>${USERNAME_INPUT}</arg>
<arg>timeout=30s</arg>
<doc>Waits until the element ``locator`` is visible.</doc>
<status status="PASS" start="2024-10-06T12:00:15.088121" elapsed="0.835518"/>
</kw>
<kw name="Input Text" owner="SeleniumLibrary">
<msg time="2024-10-06T12:00:15.923639" level="INFO">Typing text 'InvalidUser' into text field 'name:username'.</msg>
<arg>${USERNAME_INPUT}</arg>
<arg>${username}</arg>
<doc>Types the given ``text`` into the text field identified by ``locator``.</doc>
<status status="PASS" start="2024-10-06T12:00:15.923639" elapsed="0.610924"/>
</kw>
<kw name="Input Password" owner="SeleniumLibrary">
<msg time="2024-10-06T12:00:16.535575" level="INFO">Typing password into text field '//input[@type="password"]'.</msg>
<msg time="2024-10-06T12:00:16.618111" level="INFO">Temporally setting log level to: NONE</msg>
<arg>${PASSWORD_INPUT}</arg>
<arg>${password}</arg>
<doc>Types the given password into the text field identified by ``locator``.</doc>
<status status="PASS" start="2024-10-06T12:00:16.534563" elapsed="0.206297"/>
</kw>
<kw name="Click Button" owner="SeleniumLibrary">
<msg time="2024-10-06T12:00:16.741858" level="INFO">Clicking button '//button[@type="submit"]'.</msg>
<arg>${LOGIN_BUTTON}</arg>
<doc>Clicks the button identified by ``locator``.</doc>
<status status="PASS" start="2024-10-06T12:00:16.741858" elapsed="0.731054"/>
</kw>
<arg>${username}</arg>
<arg>${password}</arg>
<status status="PASS" start="2024-10-06T12:00:15.087121" elapsed="2.386826"/>
</kw>
<kw name="Run Keyword If" owner="BuiltIn">
<kw name="Verify Error Message" owner="user_keywords">
<kw name="Wait Until Element Is Visible" owner="SeleniumLibrary">
<arg>${ERROR_MESSAGE}</arg>
<arg>timeout=10s</arg>
<doc>Waits until the element ``locator`` is visible.</doc>
<status status="PASS" start="2024-10-06T12:00:17.473947" elapsed="0.324444"/>
</kw>
<kw name="Element Should Be Visible" owner="SeleniumLibrary">
<msg time="2024-10-06T12:00:17.826126" level="INFO">Element 'css=.oxd-alert-content-text' is displayed.</msg>
<arg>${ERROR_MESSAGE}</arg>
<doc>Verifies that the element identified by ``locator`` is visible.</doc>
<status status="PASS" start="2024-10-06T12:00:17.798391" elapsed="0.028735"/>
</kw>
<kw name="Element Text Should Be" owner="SeleniumLibrary">
<msg time="2024-10-06T12:00:17.827126" level="INFO">Verifying element 'css=.oxd-alert-content-text' contains exact text 'Invalid credentials'.</msg>
<arg>${ERROR_MESSAGE}</arg>
<arg>Invalid credentials</arg>
<doc>Verifies that element ``locator`` contains exact the text ``expected``.</doc>
<status status="PASS" start="2024-10-06T12:00:17.827126" elapsed="0.025809"/>
</kw>
<status status="PASS" start="2024-10-06T12:00:17.473947" elapsed="0.378988"/>
</kw>
<arg>'${expected_error}' == '${ERROR_MESSAGE}'</arg>
<arg>Verify Error Message</arg>
<doc>Runs the given keyword with the given arguments, if ``condition`` is true.</doc>
<status status="PASS" start="2024-10-06T12:00:17.473947" elapsed="0.378988"/>
</kw>
<arg>$.credentials.invalid.username</arg>
<arg>$.credentials.invalid.password</arg>
<arg>${ERROR_MESSAGE}</arg>
<status status="PASS" start="2024-10-06T12:00:14.778122" elapsed="3.074813"/>
</kw>
<status status="PASS" start="2024-10-06T12:00:14.776124" elapsed="3.077839"/>
</test>
<test id="s1-s1-t2" name="Valid Login" line="17">
<kw name="Login Template">
<kw name="Load Json From File" owner="JSONLibrary">
<msg time="2024-10-06T12:00:17.855968" level="INFO">${json_data} = {'credentials': {'valid': {'username': 'Admin', 'password': 'admin123'}, 'invalid': {'username': 'InvalidUser', 'password': 'wrongPassword'}}}</msg>
<var>${json_data}</var>
<arg>${JSON_FILE_PATH}</arg>
<doc>Load JSON from file.</doc>
<status status="PASS" start="2024-10-06T12:00:17.855968" elapsed="0.001004"/>
</kw>
<kw name="Get Value From Json" owner="JSONLibrary">
<msg time="2024-10-06T12:00:17.877944" level="INFO">${username_list} = ['Admin']</msg>
<var>${username_list}</var>
<arg>${json_data}</arg>
<arg>${username_path}</arg>
<doc>Get Value From JSON using JSONPath</doc>
<status status="PASS" start="2024-10-06T12:00:17.856972" elapsed="0.021963"/>
</kw>
<kw name="Get Value From Json" owner="JSONLibrary">
<msg time="2024-10-06T12:00:17.895934" level="INFO">${password_list} = ['admin123']</msg>
<var>${password_list}</var>
<arg>${json_data}</arg>
<arg>${password_path}</arg>
<doc>Get Value From JSON using JSONPath</doc>
<status status="PASS" start="2024-10-06T12:00:17.878935" elapsed="0.016999"/>
</kw>
<kw name="Get From List" owner="Collections">
<msg time="2024-10-06T12:00:17.896969" level="INFO">${username} = Admin</msg>
<var>${username}</var>
<arg>${username_list}</arg>
<arg>0</arg>
<doc>Returns the value specified with an ``index`` from ``list``.</doc>
<status status="PASS" start="2024-10-06T12:00:17.896969" elapsed="0.000966"/>
</kw>
<kw name="Get From List" owner="Collections">
<msg time="2024-10-06T12:00:17.897935" level="INFO">${password} = admin123</msg>
<var>${password}</var>
<arg>${password_list}</arg>
<arg>0</arg>
<doc>Returns the value specified with an ``index`` from ``list``.</doc>
<status status="PASS" start="2024-10-06T12:00:17.897935" elapsed="0.000000"/>
</kw>
<kw name="Log To Console" owner="BuiltIn">
<arg>Username: ${username}</arg>
<doc>Logs the given message to the console.</doc>
<status status="PASS" start="2024-10-06T12:00:17.898939" elapsed="0.000997"/>
</kw>
<kw name="Log To Console" owner="BuiltIn">
<arg>Password: ${password}</arg>
<doc>Logs the given message to the console.</doc>
<status status="PASS" start="2024-10-06T12:00:17.899936" elapsed="0.001004"/>
</kw>
<kw name="Login To Application" owner="user_keywords">
<kw name="Wait Until Element Is Visible" owner="SeleniumLibrary">
<arg>${USERNAME_INPUT}</arg>
<arg>timeout=30s</arg>
<doc>Waits until the element ``locator`` is visible.</doc>
<status status="PASS" start="2024-10-06T12:00:17.901963" elapsed="0.023914"/>
</kw>
<kw name="Input Text" owner="SeleniumLibrary">
<msg time="2024-10-06T12:00:17.926856" level="INFO">Typing text 'Admin' into text field 'name:username'.</msg>
<arg>${USERNAME_INPUT}</arg>
<arg>${username}</arg>
<doc>Types the given ``text`` into the text field identified by ``locator``.</doc>
<status status="PASS" start="2024-10-06T12:00:17.926856" elapsed="0.099218"/>
</kw>
<kw name="Input Password" owner="SeleniumLibrary">
<msg time="2024-10-06T12:00:18.027105" level="INFO">Typing password into text field '//input[@type="password"]'.</msg>
<msg time="2024-10-06T12:00:18.080031" level="INFO">Temporally setting log level to: NONE</msg>
<arg>${PASSWORD_INPUT}</arg>
<arg>${password}</arg>
<doc>Types the given password into the text field identified by ``locator``.</doc>
<status status="PASS" start="2024-10-06T12:00:18.026074" elapsed="0.133815"/>
</kw>
<kw name="Click Button" owner="SeleniumLibrary">
<msg time="2024-10-06T12:00:18.159889" level="INFO">Clicking button '//button[@type="submit"]'.</msg>
<arg>${LOGIN_BUTTON}</arg>
<doc>Clicks the button identified by ``locator``.</doc>
<status status="PASS" start="2024-10-06T12:00:18.159889" elapsed="0.095185"/>
</kw>
<arg>${username}</arg>
<arg>${password}</arg>
<status status="PASS" start="2024-10-06T12:00:17.901963" elapsed="0.353111"/>
</kw>
<kw name="Run Keyword If" owner="BuiltIn">
<arg>'${expected_error}' == '${ERROR_MESSAGE}'</arg>
<arg>Verify Error Message</arg>
<doc>Runs the given keyword with the given arguments, if ``condition`` is true.</doc>
<status status="PASS" start="2024-10-06T12:00:18.255074" elapsed="0.000000"/>
</kw>
<arg>$.credentials.valid.username</arg>
<arg>$.credentials.valid.password</arg>
<status status="PASS" start="2024-10-06T12:00:17.855968" elapsed="0.400106"/>
</kw>
<status status="PASS" start="2024-10-06T12:00:17.854953" elapsed="0.401121"/>
</test>
<status status="PASS" start="2024-10-06T12:00:08.908666" elapsed="9.348409"/>
</suite>
<suite id="s1-s2" name="Add Title tests" source="C:\Users\lllllll\Downloads\PractiseRobotFramework\tests\Add_Title_tests.robot">
<test id="s1-s2-t1" name="test add Job title" line="6">
<kw name="Add Job Title" owner="Add_Job_Title">
<kw name="Wait Until Element Is Visible" owner="SeleniumLibrary">
<arg>${ADMIN_BTN}</arg>
<arg>timeout=10s</arg>
<doc>Waits until the element ``locator`` is visible.</doc>
<status status="PASS" start="2024-10-06T12:00:18.275078" elapsed="1.411709"/>
</kw>
<kw name="Click Link" owner="SeleniumLibrary">
<msg time="2024-10-06T12:00:19.687787" level="INFO">Clicking link '//a[@href="/admin/viewAdminModule"]'.</msg>
<arg>${ADMIN_BTN}</arg>
<doc>Clicks a link identified by ``locator``.</doc>
<status status="PASS" start="2024-10-06T12:00:19.687787" elapsed="0.927950"/>
</kw>
<kw name="Wait Until Element Is Visible" owner="SeleniumLibrary">
<arg>${JOB_LIST}</arg>
<arg>timeout=10s</arg>
<doc>Waits until the element ``locator`` is visible.</doc>
<status status="PASS" start="2024-10-06T12:00:20.615737" elapsed="0.410499"/>
</kw>
<kw name="Click Element" owner="SeleniumLibrary">
<msg time="2024-10-06T12:00:21.026236" level="INFO">Clicking element 'xpath=//span[contains(text(),'Job')]'.</msg>
<arg>${JOB_LIST}</arg>
<doc>Click the element identified by ``locator``.</doc>
<status status="PASS" start="2024-10-06T12:00:21.026236" elapsed="0.107965"/>
</kw>
<kw name="Wait Until Element Is Visible" owner="SeleniumLibrary">
<arg>${JOB_LIST}</arg>
<arg>timeout=10s</arg>
<doc>Waits until the element ``locator`` is visible.</doc>
<status status="PASS" start="2024-10-06T12:00:21.134201" elapsed="0.027016"/>
</kw>
<kw name="Click Element" owner="SeleniumLibrary">
<msg time="2024-10-06T12:00:21.164205" level="INFO">Clicking element 'xpath=//a[text()='Job Titles']'.</msg>
<arg>${JOB_TITLE}</arg>
<doc>Click the element identified by ``locator``.</doc>
<status status="PASS" start="2024-10-06T12:00:21.163249" elapsed="0.539951"/>
</kw>
<kw name="Wait Until Element Is Visible" owner="SeleniumLibrary">
<arg>${JOB_LIST}</arg>
<arg>timeout=10s</arg>
<doc>Waits until the element ``locator`` is visible.</doc>
<status status="PASS" start="2024-10-06T12:00:21.703200" elapsed="0.468541"/>
</kw>
<kw name="Click Button" owner="SeleniumLibrary">
<msg time="2024-10-06T12:00:22.171741" level="INFO">Clicking button '//div[@class='orangehrm-header-container']//child::div//child::button'.</msg>
<arg>${ADD_BTN}</arg>
<doc>Clicks the button identified by ``locator``.</doc>
<status status="PASS" start="2024-10-06T12:00:22.171741" elapsed="0.448171"/>
</kw>
<status status="PASS" start="2024-10-06T12:00:18.274073" elapsed="4.345839"/>
</kw>
<status status="PASS" start="2024-10-06T12:00:18.273105" elapsed="4.347809"/>
</test>
<status status="PASS" start="2024-10-06T12:00:18.259071" elapsed="4.362840"/>
</suite>
<status status="PASS" start="2024-10-06T12:00:08.870667" elapsed="13.753262"/>
</suite>
<statistics>
<total>
<stat pass="3" fail="0" skip="0">All Tests</stat>
</total>
<tag>
</tag>
<suite>
<stat pass="3" fail="0" skip="0" id="s1" name="Login Tests &amp; Add Title tests">Login Tests &amp; Add Title tests</stat>
<stat pass="2" fail="0" skip="0" id="s1-s1" name="Login Tests">Login Tests &amp; Add Title tests.Login Tests</stat>
<stat pass="1" fail="0" skip="0" id="s1-s2" name="Add Title tests">Login Tests &amp; Add Title tests.Add Title tests</stat>
</suite>
</statistics>
<errors>
</errors>
</robot>
